[INFO] 일일 리포트 생성 시작...
[INFO] 24시간 데이터 기반 리포트 생성 시작...
[INFO] 총 35개 게시글 분석 중...
[INFO] Epic7 분류기 초기화 완료 (모드: all)
[INFO] Epic7 분류기 초기화 완료 (모드: all)
[INFO] Epic7 분류기 초기화 완료 (모드: all)
[INFO] Epic7 분류기 초기화 완료 (모드: all)
[INFO] Epic7 분류기 초기화 완료 (모드: all)
[INFO] Epic7 분류기 초기화 완료 (모드: all)
[INFO] Epic7 분류기 초기화 완료 (모드: all)
[INFO] Epic7 분류기 초기화 완료 (모드: all)
[INFO] Epic7 분류기 초기화 완료 (모드: all)
[INFO] Epic7 분류기 초기화 완료 (모드: all)
[INFO] Epic7 분류기 초기화 완료 (모드: all)
[INFO] Epic7 분류기 초기화 완료 (모드: all)
[INFO] Epic7 분류기 초기화 완료 (모드: all)
[INFO] Epic7 분류기 초기화 완료 (모드: all)
[INFO] Epic7 분류기 초기화 완료 (모드: all)
[INFO] Epic7 분류기 초기화 완료 (모드: all)
[INFO] Epic7 분류기 초기화 완료 (모드: all)
[INFO] Epic7 분류기 초기화 완료 (모드: all)
[INFO] Epic7 분류기 초기화 완료 (모드: all)
[INFO] Epic7 분류기 초기화 완료 (모드: all)
[INFO] Epic7 분류기 초기화 완료 (모드: all)
[INFO] Epic7 분류기 초기화 완료 (모드: all)
[INFO] Epic7 분류기 초기화 완료 (모드: all)
[INFO] Epic7 분류기 초기화 완료 (모드: all)
[INFO] Epic7 분류기 초기화 완료 (모드: all)
[INFO] Epic7 분류기 초기화 완료 (모드: all)
[INFO] Epic7 분류기 초기화 완료 (모드: all)
[INFO] Epic7 분류기 초기화 완료 (모드: all)
[INFO] Epic7 분류기 초기화 완료 (모드: all)
[INFO] Epic7 분류기 초기화 완료 (모드: all)
[INFO] Epic7 분류기 초기화 완료 (모드: all)
[INFO] Epic7 분류기 초기화 완료 (모드: all)
[INFO] Epic7 분류기 초기화 완료 (모드: all)
[INFO] Epic7 분류기 초기화 완료 (모드: all)
[INFO] Epic7 분류기 초기화 완료 (모드: all)
[INFO] Epic7 분류기 초기화 완료 (모드: all)
[INFO] Epic7 분류기 초기화 완료 (모드: all)
[INFO] Epic7 분류기 초기화 완료 (모드: all)
[INFO] Epic7 분류기 초기화 완료 (모드: all)
[INFO] Epic7 분류기 초기화 완료 (모드: all)
[INFO] Epic7 분류기 초기화 완료 (모드: all)
[INFO] Epic7 분류기 초기화 완료 (모드: all)
[INFO] Epic7 분류기 초기화 완료 (모드: all)
[INFO] Epic7 분류기 초기화 완료 (모드: all)
[INFO] Epic7 분류기 초기화 완료 (모드: all)
[INFO] Epic7 분류기 초기화 완료 (모드: all)
[INFO] Epic7 분류기 초기화 완료 (모드: all)
[INFO] Epic7 분류기 초기화 완료 (모드: all)
[INFO] Epic7 분류기 초기화 완료 (모드: all)
[INFO] Epic7 분류기 초기화 완료 (모드: all)
[INFO] Epic7 분류기 초기화 완료 (모드: all)
[INFO] Epic7 분류기 초기화 완료 (모드: all)
[INFO] Epic7 분류기 초기화 완료 (모드: all)
[INFO] Epic7 분류기 초기화 완료 (모드: all)
[INFO] Epic7 분류기 초기화 완료 (모드: all)
[INFO] Epic7 분류기 초기화 완료 (모드: all)
[INFO] Epic7 분류기 초기화 완료 (모드: all)
[INFO] Epic7 분류기 초기화 완료 (모드: all)
[INFO] Epic7 분류기 초기화 완료 (모드: all)
[INFO] Epic7 분류기 초기화 완료 (모드: all)
[INFO] Epic7 분류기 초기화 완료 (모드: all)
[INFO] Epic7 분류기 초기화 완료 (모드: all)
[INFO] Epic7 분류기 초기화 완료 (모드: all)
[INFO] Epic7 분류기 초기화 완료 (모드: all)
[INFO] Epic7 분류기 초기화 완료 (모드: all)
[INFO] Epic7 분류기 초기화 완료 (모드: all)
[INFO] Epic7 분류기 초기화 완료 (모드: all)
[INFO] Epic7 분류기 초기화 완료 (모드: all)
[INFO] Epic7 분류기 초기화 완료 (모드: all)
[INFO] Epic7 분류기 초기화 완료 (모드: all)
[INFO] Epic7 분류기 초기화 완료 (모드: all)
[INFO] Epic7 분류기 초기화 완료 (모드: all)
[INFO] Epic7 분류기 초기화 완료 (모드: all)
[INFO] Epic7 분류기 초기화 완료 (모드: all)
[INFO] Epic7 분류기 초기화 완료 (모드: all)
[INFO] Epic7 분류기 초기화 완료 (모드: all)
[INFO] Epic7 분류기 초기화 완료 (모드: all)
[INFO] Epic7 분류기 초기화 완료 (모드: all)
[INFO] Epic7 분류기 초기화 완료 (모드: all)
[INFO] Epic7 분류기 초기화 완료 (모드: all)
[INFO] Epic7 분류기 초기화 완료 (모드: all)
[INFO] Epic7 분류기 초기화 완료 (모드: all)
[INFO] Epic7 분류기 초기화 완료 (모드: all)
[INFO] Epic7 분류기 초기화 완료 (모드: all)
[INFO] Epic7 분류기 초기화 완료 (모드: all)
[INFO] Epic7 분류기 초기화 완료 (모드: all)
[INFO] Epic7 분류기 초기화 완료 (모드: all)
[INFO] Epic7 분류기 초기화 완료 (모드: all)
[INFO] Epic7 분류기 초기화 완료 (모드: all)
[INFO] Epic7 분류기 초기화 완료 (모드: all)
[INFO] Epic7 분류기 초기화 완료 (모드: all)
[INFO] Epic7 분류기 초기화 완료 (모드: all)
[INFO] Epic7 분류기 초기화 완료 (모드: all)
[INFO] Epic7 분류기 초기화 완료 (모드: all)
[INFO] Epic7 분류기 초기화 완료 (모드: all)
[INFO] Epic7 분류기 초기화 완료 (모드: all)
[INFO] Epic7 분류기 초기화 완료 (모드: all)
[INFO] Epic7 분류기 초기화 완료 (모드: all)
[INFO] Epic7 분류기 초기화 완료 (모드: all)
[INFO] Epic7 분류기 초기화 완료 (모드: all)
[INFO] Epic7 분류기 초기화 완료 (모드: all)
[INFO] Epic7 분류기 초기화 완료 (모드: all)
[INFO] Epic7 분류기 초기화 완료 (모드: all)
[INFO] Epic7 분류기 초기화 완료 (모드: all)
[INFO] Epic7 분류기 초기화 완료 (모드: all)
[INFO] Epic7 분류기 초기화 완료 (모드: all)
[INFO] Epic7 분류기 초기화 완료 (모드: all)
[INFO] Epic7 분류기 초기화 완료 (모드: all)
[INFO] Epic7 분류기 초기화 완료 (모드: all)
[INFO] Epic7 분류기 초기화 완료 (모드: all)
[INFO] Epic7 분류기 초기화 완료 (모드: all)
[INFO] Epic7 분류기 초기화 완료 (모드: all)
[INFO] Epic7 분류기 초기화 완료 (모드: all)
[INFO] Epic7 분류기 초기화 완료 (모드: all)
[INFO] Epic7 분류기 초기화 완료 (모드: all)
[INFO] Epic7 분류기 초기화 완료 (모드: all)
[INFO] Epic7 분류기 초기화 완료 (모드: all)
[INFO] Epic7 분류기 초기화 완료 (모드: all)
[INFO] Epic7 분류기 초기화 완료 (모드: all)
[INFO] Epic7 분류기 초기화 완료 (모드: all)
[INFO] Epic7 분류기 초기화 완료 (모드: all)
[INFO] Epic7 분류기 초기화 완료 (모드: all)
[INFO] Epic7 분류기 초기화 완료 (모드: all)
[INFO] Epic7 분류기 초기화 완료 (모드: all)
[INFO] Epic7 분류기 초기화 완료 (모드: all)
[INFO] Epic7 분류기 초기화 완료 (모드: all)
[INFO] Epic7 분류기 초기화 완료 (모드: all)
[INFO] Epic7 분류기 초기화 완료 (모드: all)
[INFO] Epic7 분류기 초기화 완료 (모드: all)
[INFO] Epic7 분류기 초기화 완료 (모드: all)
[INFO] Epic7 분류기 초기화 완료 (모드: all)
[INFO] Epic7 분류기 초기화 완료 (모드: all)
[INFO] Epic7 분류기 초기화 완료 (모드: all)
[INFO] Epic7 분류기 초기화 완료 (모드: all)
[INFO] Epic7 분류기 초기화 완료 (모드: all)
[INFO] Epic7 분류기 초기화 완료 (모드: all)
[INFO] Epic7 분류기 초기화 완료 (모드: all)
[INFO] Epic7 분류기 초기화 완료 (모드: all)
[INFO] Epic7 분류기 초기화 완료 (모드: all)
[INFO] Epic7 분류기 초기화 완료 (모드: all)
[INFO] Epic7 분류기 초기화 완료 (모드: all)
[INFO] Epic7 분류기 초기화 완료 (모드: all)
[INFO] Epic7 분류기 초기화 완료 (모드: all)
[INFO] Epic7 분류기 초기화 완료 (모드: all)
[INFO] Epic7 분류기 초기화 완료 (모드: all)
[INFO] Epic7 분류기 초기화 완료 (모드: all)
[INFO] Epic7 분류기 초기화 완료 (모드: all)
[INFO] Epic7 분류기 초기화 완료 (모드: all)
[INFO] Epic7 분류기 초기화 완료 (모드: all)
[INFO] Epic7 분류기 초기화 완료 (모드: all)
[INFO] Epic7 분류기 초기화 완료 (모드: all)
[INFO] Epic7 분류기 초기화 완료 (모드: all)
[INFO] Epic7 분류기 초기화 완료 (모드: all)
[INFO] Epic7 분류기 초기화 완료 (모드: all)
[INFO] Epic7 분류기 초기화 완료 (모드: all)
[INFO] Epic7 분류기 초기화 완료 (모드: all)
[INFO] Epic7 분류기 초기화 완료 (모드: all)
[INFO] Epic7 분류기 초기화 완료 (모드: all)
[INFO] Epic7 분류기 초기화 완료 (모드: all)
[INFO] Epic7 분류기 초기화 완료 (모드: all)
[INFO] Epic7 분류기 초기화 완료 (모드: all)
[INFO] Epic7 분류기 초기화 완료 (모드: all)
[INFO] Epic7 분류기 초기화 완료 (모드: all)
[INFO] Epic7 분류기 초기화 완료 (모드: all)
[INFO] Epic7 분류기 초기화 완료 (모드: all)
[INFO] Epic7 분류기 초기화 완료 (모드: all)
[INFO] Epic7 분류기 초기화 완료 (모드: all)
[INFO] Epic7 분류기 초기화 완료 (모드: all)
[INFO] Epic7 분류기 초기화 완료 (모드: all)
[INFO] Epic7 분류기 초기화 완료 (모드: all)
[INFO] Epic7 분류기 초기화 완료 (모드: all)
[INFO] Epic7 분류기 초기화 완료 (모드: all)
[INFO] Epic7 분류기 초기화 완료 (모드: all)
[INFO] Epic7 분류기 초기화 완료 (모드: all)
[INFO] Epic7 분류기 초기화 완료 (모드: all)
[INFO] Epic7 분류기 초기화 완료 (모드: all)
[INFO] Epic7 분류기 초기화 완료 (모드: all)
[INFO] Epic7 분류기 초기화 완료 (모드: all)
[INFO] Epic7 분류기 초기화 완료 (모드: all)
[INFO] Epic7 분류기 초기화 완료 (모드: all)
[INFO] Epic7 분류기 초기화 완료 (모드: all)
[INFO] Epic7 분류기 초기화 완료 (모드: all)
[INFO] Epic7 분류기 초기화 완료 (모드: all)
[INFO] Epic7 분류기 초기화 완료 (모드: all)
[INFO] Epic7 분류기 초기화 완료 (모드: all)
[INFO] Epic7 분류기 초기화 완료 (모드: all)
[INFO] Epic7 분류기 초기화 완료 (모드: all)
[INFO] Epic7 분류기 초기화 완료 (모드: all)
[INFO] Epic7 분류기 초기화 완료 (모드: all)
[INFO] Epic7 분류기 초기화 완료 (모드: all)
[INFO] Epic7 분류기 초기화 완료 (모드: all)
[INFO] Epic7 분류기 초기화 완료 (모드: all)
[INFO] Epic7 분류기 초기화 완료 (모드: all)
[INFO] Epic7 분류기 초기화 완료 (모드: all)
[INFO] Epic7 분류기 초기화 완료 (모드: all)
[INFO] Epic7 분류기 초기화 완료 (모드: all)
[INFO] Epic7 분류기 초기화 완료 (모드: all)
[INFO] Epic7 분류기 초기화 완료 (모드: all)
[INFO] Epic7 분류기 초기화 완료 (모드: all)
[INFO] Epic7 분류기 초기화 완료 (모드: all)
[INFO] Epic7 분류기 초기화 완료 (모드: all)
[INFO] Epic7 분류기 초기화 완료 (모드: all)
[INFO] Epic7 분류기 초기화 완료 (모드: all)
[INFO] Epic7 분류기 초기화 완료 (모드: all)
[INFO] Epic7 분류기 초기화 완료 (모드: all)
[INFO] Epic7 분류기 초기화 완료 (모드: all)
[INFO] Epic7 분류기 초기화 완료 (모드: all)
[INFO] Epic7 분류기 초기화 완료 (모드: all)
[INFO] Epic7 분류기 초기화 완료 (모드: all)
[INFO] Epic7 분류기 초기화 완료 (모드: all)
[INFO] Epic7 분류기 초기화 완료 (모드: all)
[INFO] Epic7 분류기 초기화 완료 (모드: all)
[INFO] Epic7 분류기 초기화 완료 (모드: all)
[INFO] Epic7 분류기 초기화 완료 (모드: all)
[INFO] Epic7 분류기 초기화 완료 (모드: all)
[INFO] Epic7 분류기 초기화 완료 (모드: all)
[INFO] Epic7 분류기 초기화 완료 (모드: all)
[INFO] Epic7 분류기 초기화 완료 (모드: all)
[INFO] Epic7 분류기 초기화 완료 (모드: all)
[INFO] Epic7 분류기 초기화 완료 (모드: all)
[INFO] Epic7 분류기 초기화 완료 (모드: all)
[INFO] Epic7 분류기 초기화 완료 (모드: all)
[INFO] Epic7 분류기 초기화 완료 (모드: all)
[INFO] Epic7 분류기 초기화 완료 (모드: all)
[INFO] Epic7 분류기 초기화 완료 (모드: all)
[INFO] Epic7 분류기 초기화 완료 (모드: all)
[INFO] Epic7 분류기 초기화 완료 (모드: all)
[INFO] Epic7 분류기 초기화 완료 (모드: all)
[INFO] Epic7 분류기 초기화 완료 (모드: all)
[INFO] Epic7 분류기 초기화 완료 (모드: all)
[INFO] Epic7 분류기 초기화 완료 (모드: all)
[INFO] Epic7 분류기 초기화 완료 (모드: all)
[INFO] Epic7 분류기 초기화 완료 (모드: all)
[INFO] Epic7 분류기 초기화 완료 (모드: all)
[INFO] Epic7 분류기 초기화 완료 (모드: all)
[INFO] Epic7 분류기 초기화 완료 (모드: all)
[INFO] Epic7 분류기 초기화 완료 (모드: all)
[INFO] Epic7 분류기 초기화 완료 (모드: all)
[INFO] Epic7 분류기 초기화 완료 (모드: all)
[INFO] Epic7 분류기 초기화 완료 (모드: all)
[INFO] Epic7 분류기 초기화 완료 (모드: all)
[INFO] Epic7 분류기 초기화 완료 (모드: all)
[INFO] Epic7 분류기 초기화 완료 (모드: all)
[INFO] Epic7 분류기 초기화 완료 (모드: all)
[INFO] Epic7 분류기 초기화 완료 (모드: all)
[INFO] Epic7 분류기 초기화 완료 (모드: all)
[INFO] Epic7 분류기 초기화 완료 (모드: all)
[INFO] Epic7 분류기 초기화 완료 (모드: all)
[INFO] Epic7 분류기 초기화 완료 (모드: all)
[INFO] Epic7 분류기 초기화 완료 (모드: all)
[INFO] Epic7 분류기 초기화 완료 (모드: all)
[INFO] Epic7 분류기 초기화 완료 (모드: all)
[INFO] Epic7 분류기 초기화 완료 (모드: all)
[INFO] Epic7 분류기 초기화 완료 (모드: all)
[INFO] Epic7 분류기 초기화 완료 (모드: all)
[INFO] Epic7 분류기 초기화 완료 (모드: all)
[INFO] Epic7 분류기 초기화 완료 (모드: all)
[INFO] Epic7 분류기 초기화 완료 (모드: all)
[INFO] Epic7 분류기 초기화 완료 (모드: all)
[INFO] Epic7 분류기 초기화 완료 (모드: all)
[INFO] Epic7 분류기 초기화 완료 (모드: all)
[INFO] Epic7 분류기 초기화 완료 (모드: all)
[INFO] Epic7 분류기 초기화 완료 (모드: all)
[INFO] Epic7 분류기 초기화 완료 (모드: all)
[INFO] Epic7 분류기 초기화 완료 (모드: all)
[INFO] Epic7 분류기 초기화 완료 (모드: all)
[INFO] Epic7 분류기 초기화 완료 (모드: all)
[INFO] Epic7 분류기 초기화 완료 (모드: all)
[INFO] Epic7 분류기 초기화 완료 (모드: all)
[INFO] Epic7 분류기 초기화 완료 (모드: all)
[INFO] Epic7 분류기 초기화 완료 (모드: all)
[INFO] Epic7 분류기 초기화 완료 (모드: all)
[INFO] Epic7 분류기 초기화 완료 (모드: all)
[INFO] Epic7 분류기 초기화 완료 (모드: all)
[INFO] Epic7 분류기 초기화 완료 (모드: all)
[INFO] Epic7 분류기 초기화 완료 (모드: all)
[INFO] Epic7 분류기 초기화 완료 (모드: all)
[INFO] Epic7 분류기 초기화 완료 (모드: all)
[INFO] Epic7 분류기 초기화 완료 (모드: all)
[INFO] Epic7 분류기 초기화 완료 (모드: all)
[INFO] Epic7 분류기 초기화 완료 (모드: all)
[INFO] Epic7 분류기 초기화 완료 (모드: all)
[INFO] Epic7 분류기 초기화 완료 (모드: all)
[INFO] Epic7 분류기 초기화 완료 (모드: all)
[INFO] Epic7 분류기 초기화 완료 (모드: all)
[INFO] Epic7 분류기 초기화 완료 (모드: all)
[INFO] Epic7 분류기 초기화 완료 (모드: all)
[INFO] Epic7 분류기 초기화 완료 (모드: all)
[INFO] Epic7 분류기 초기화 완료 (모드: all)
[INFO] Epic7 분류기 초기화 완료 (모드: all)
[INFO] Epic7 분류기 초기화 완료 (모드: all)
[INFO] Epic7 분류기 초기화 완료 (모드: all)
[INFO] Epic7 분류기 초기화 완료 (모드: all)
[INFO] Epic7 분류기 초기화 완료 (모드: all)
[INFO] Epic7 분류기 초기화 완료 (모드: all)
[INFO] Epic7 분류기 초기화 완료 (모드: all)
[INFO] Epic7 분류기 초기화 완료 (모드: all)
[INFO] Epic7 분류기 초기화 완료 (모드: all)
[INFO] Epic7 분류기 초기화 완료 (모드: all)
[INFO] Epic7 분류기 초기화 완료 (모드: all)
[INFO] Epic7 분류기 초기화 완료 (모드: all)
[INFO] Epic7 분류기 초기화 완료 (모드: all)
[INFO] Epic7 분류기 초기화 완료 (모드: all)
[INFO] Epic7 분류기 초기화 완료 (모드: all)
[INFO] Epic7 분류기 초기화 완료 (모드: all)
[INFO] Epic7 분류기 초기화 완료 (모드: all)
[INFO] Epic7 분류기 초기화 완료 (모드: all)
[INFO] Epic7 분류기 초기화 완료 (모드: all)
[INFO] Epic7 분류기 초기화 완료 (모드: all)
[INFO] Epic7 분류기 초기화 완료 (모드: all)
[INFO] Epic7 분류기 초기화 완료 (모드: all)
[INFO] Epic7 분류기 초기화 완료 (모드: all)
[INFO] Epic7 분류기 초기화 완료 (모드: all)
[INFO] Epic7 분류기 초기화 완료 (모드: all)
[INFO] Epic7 분류기 초기화 완료 (모드: all)
[INFO] Epic7 분류기 초기화 완료 (모드: all)
[INFO] Epic7 분류기 초기화 완료 (모드: all)
[INFO] Epic7 분류기 초기화 완료 (모드: all)
[INFO] Epic7 분류기 초기화 완료 (모드: all)
[INFO] Epic7 분류기 초기화 완료 (모드: all)
[INFO] Epic7 분류기 초기화 완료 (모드: all)
[INFO] Epic7 분류기 초기화 완료 (모드: all)
[INFO] Epic7 분류기 초기화 완료 (모드: all)
[INFO] Epic7 분류기 초기화 완료 (모드: all)
[INFO] Epic7 분류기 초기화 완료 (모드: all)
[INFO] Epic7 분류기 초기화 완료 (모드: all)
[INFO] Epic7 분류기 초기화 완료 (모드: all)
[INFO] Epic7 분류기 초기화 완료 (모드: all)
[INFO] Epic7 분류기 초기화 완료 (모드: all)
[INFO] Epic7 분류기 초기화 완료 (모드: all)
[INFO] Epic7 분류기 초기화 완료 (모드: all)
[INFO] Epic7 분류기 초기화 완료 (모드: all)
[INFO] Epic7 분류기 초기화 완료 (모드: all)
[INFO] Epic7 분류기 초기화 완료 (모드: all)
[INFO] Epic7 분류기 초기화 완료 (모드: all)
[INFO] Epic7 분류기 초기화 완료 (모드: all)
[INFO] Epic7 분류기 초기화 완료 (모드: all)
[INFO] Epic7 분류기 초기화 완료 (모드: all)
[INFO] Epic7 분류기 초기화 완료 (모드: all)
[INFO] Epic7 분류기 초기화 완료 (모드: all)
[INFO] Epic7 분류기 초기화 완료 (모드: all)
[INFO] Epic7 분류기 초기화 완료 (모드: all)
[INFO] Epic7 분류기 초기화 완료 (모드: all)
[INFO] Epic7 분류기 초기화 완료 (모드: all)
[INFO] Epic7 분류기 초기화 완료 (모드: all)
[INFO] Epic7 분류기 초기화 완료 (모드: all)
[INFO] Epic7 분류기 초기화 완료 (모드: all)
[INFO] Epic7 분류기 초기화 완료 (모드: all)
[INFO] Epic7 분류기 초기화 완료 (모드: all)
[INFO] Epic7 분류기 초기화 완료 (모드: all)
[INFO] Epic7 분류기 초기화 완료 (모드: all)
[INFO] Epic7 분류기 초기화 완료 (모드: all)
[INFO] Epic7 분류기 초기화 완료 (모드: all)
[INFO] Epic7 분류기 초기화 완료 (모드: all)
[INFO] Epic7 분류기 초기화 완료 (모드: all)
[INFO] Epic7 분류기 초기화 완료 (모드: all)
[INFO] Epic7 분류기 초기화 완료 (모드: all)
[INFO] Epic7 분류기 초기화 완료 (모드: all)
[INFO] Epic7 분류기 초기화 완료 (모드: all)
[INFO] Epic7 분류기 초기화 완료 (모드: all)
[INFO] Epic7 분류기 초기화 완료 (모드: all)
[INFO] Epic7 분류기 초기화 완료 (모드: all)
[INFO] Epic7 분류기 초기화 완료 (모드: all)
[INFO] Epic7 분류기 초기화 완료 (모드: all)
[INFO] Epic7 분류기 초기화 완료 (모드: all)
[INFO] Epic7 분류기 초기화 완료 (모드: all)
[INFO] Epic7 분류기 초기화 완료 (모드: all)
[INFO] Epic7 분류기 초기화 완료 (모드: all)
[INFO] Epic7 분류기 초기화 완료 (모드: all)
[INFO] Epic7 분류기 초기화 완료 (모드: all)
[INFO] Epic7 분류기 초기화 완료 (모드: all)
[INFO] Epic7 분류기 초기화 완료 (모드: all)
[INFO] Epic7 분류기 초기화 완료 (모드: all)
[INFO] Epic7 분류기 초기화 완료 (모드: all)
[INFO] Epic7 분류기 초기화 완료 (모드: all)
[INFO] Epic7 분류기 초기화 완료 (모드: all)
[INFO] Epic7 분류기 초기화 완료 (모드: all)
[INFO] Epic7 분류기 초기화 완료 (모드: all)
[INFO] Epic7 분류기 초기화 완료 (모드: all)
[INFO] Epic7 분류기 초기화 완료 (모드: all)
[INFO] Epic7 분류기 초기화 완료 (모드: all)
[INFO] Epic7 분류기 초기화 완료 (모드: all)
[INFO] Epic7 분류기 초기화 완료 (모드: all)
[INFO] Epic7 분류기 초기화 완료 (모드: all)
[INFO] Epic7 분류기 초기화 완료 (모드: all)
[INFO] Epic7 분류기 초기화 완료 (모드: all)
[INFO] Epic7 분류기 초기화 완료 (모드: all)
[INFO] Epic7 분류기 초기화 완료 (모드: all)
[INFO] Epic7 분류기 초기화 완료 (모드: all)
[INFO] Epic7 분류기 초기화 완료 (모드: all)
[INFO] Epic7 분류기 초기화 완료 (모드: all)
[INFO] Epic7 분류기 초기화 완료 (모드: all)
[INFO] Epic7 분류기 초기화 완료 (모드: all)
[INFO] Epic7 분류기 초기화 완료 (모드: all)
[INFO] Epic7 분류기 초기화 완료 (모드: all)
[INFO] Epic7 분류기 초기화 완료 (모드: all)
[INFO] Epic7 분류기 초기화 완료 (모드: all)
[INFO] Epic7 분류기 초기화 완료 (모드: all)
[INFO] Epic7 분류기 초기화 완료 (모드: all)
[INFO] Epic7 분류기 초기화 완료 (모드: all)
[INFO] Epic7 분류기 초기화 완료 (모드: all)
[INFO] Epic7 분류기 초기화 완료 (모드: all)
[INFO] Epic7 분류기 초기화 완료 (모드: all)
[INFO] Epic7 분류기 초기화 완료 (모드: all)
[INFO] Epic7 분류기 초기화 완료 (모드: all)
[INFO] Epic7 분류기 초기화 완료 (모드: all)
[INFO] Epic7 분류기 초기화 완료 (모드: all)
[INFO] Epic7 분류기 초기화 완료 (모드: all)
[INFO] Epic7 분류기 초기화 완료 (모드: all)
[INFO] Epic7 분류기 초기화 완료 (모드: all)
[INFO] Epic7 분류기 초기화 완료 (모드: all)
[INFO] Epic7 분류기 초기화 완료 (모드: all)
[INFO] Epic7 분류기 초기화 완료 (모드: all)
[INFO] Epic7 분류기 초기화 완료 (모드: all)
[INFO] Epic7 분류기 초기화 완료 (모드: all)
[INFO] Epic7 분류기 초기화 완료 (모드: all)
[INFO] Epic7 분류기 초기화 완료 (모드: all)
[INFO] Epic7 분류기 초기화 완료 (모드: all)
[INFO] Epic7 분류기 초기화 완료 (모드: all)
[INFO] Epic7 분류기 초기화 완료 (모드: all)
[INFO] 리포트 생성 완료: 35개 게시글 분석
[INFO] Discord 일일 리포트 전송 완료
[INFO] 일일 리포트 전송 완료
[INFO] 리포트 데이터 저장: daily_report_20250716.json
